<?xml version="1.0" encoding="UTF-8"?>
<testsuite xmlns:xsi="http://www.w3.org/2001/XMLSchema-instance" xsi:noNamespaceSchemaLocation="https://maven.apache.org/surefire/maven-surefire-plugin/xsd/surefire-test-report.xsd" name="com.renault.mycrudapp.springbootcrudapp.AppTest" time="0.123" tests="1" errors="0" skipped="0" failures="0">
  <properties>
    <property name="sun.desktop" value="windows"/>
    <property name="awt.toolkit" value="sun.awt.windows.WToolkit"/>
    <property name="file.encoding.pkg" value="sun.io"/>
    <property name="java.specification.version" value="1.8"/>
    <property name="sun.cpu.isalist" value="amd64"/>
    <property name="sun.jnu.encoding" value="Cp1252"/>
    <property name="java.class.path" value="C:\Users\Z027544\OneDrive - Alliance\Documents\workspace-sts-3.9.5.RELEASE\springbootcrudapp\target\test-classes;C:\Users\Z027544\OneDrive - Alliance\Documents\workspace-sts-3.9.5.RELEASE\springbootcrudapp\target\classes;C:\Users\z027544\.m2\org\springframework\boot\spring-boot-starter-web\2.1.1.RELEASE\spring-boot-starter-web-2.1.1.RELEASE.jar;C:\Users\z027544\.m2\org\springframework\boot\spring-boot-starter\2.1.1.RELEASE\spring-boot-starter-2.1.1.RELEASE.jar;C:\Users\z027544\.m2\org\springframework\boot\spring-boot\2.1.1.RELEASE\spring-boot-2.1.1.RELEASE.jar;C:\Users\z027544\.m2\org\springframework\boot\spring-boot-autoconfigure\2.1.1.RELEASE\spring-boot-autoconfigure-2.1.1.RELEASE.jar;C:\Users\z027544\.m2\org\springframework\boot\spring-boot-starter-logging\2.1.1.RELEASE\spring-boot-starter-logging-2.1.1.RELEASE.jar;C:\Users\z027544\.m2\org\apache\logging\log4j\log4j-to-slf4j\2.11.1\log4j-to-slf4j-2.11.1.jar;C:\Users\z027544\.m2\org\apache\logging\log4j\log4j-api\2.11.1\log4j-api-2.11.1.jar;C:\Users\z027544\.m2\org\slf4j\jul-to-slf4j\1.7.25\jul-to-slf4j-1.7.25.jar;C:\Users\z027544\.m2\javax\annotation\javax.annotation-api\1.3.2\javax.annotation-api-1.3.2.jar;C:\Users\z027544\.m2\org\springframework\boot\spring-boot-starter-json\2.1.1.RELEASE\spring-boot-starter-json-2.1.1.RELEASE.jar;C:\Users\z027544\.m2\com\fasterxml\jackson\core\jackson-databind\2.9.7\jackson-databind-2.9.7.jar;C:\Users\z027544\.m2\com\fasterxml\jackson\core\jackson-annotations\2.9.0\jackson-annotations-2.9.0.jar;C:\Users\z027544\.m2\com\fasterxml\jackson\core\jackson-core\2.9.7\jackson-core-2.9.7.jar;C:\Users\z027544\.m2\com\fasterxml\jackson\datatype\jackson-datatype-jdk8\2.9.7\jackson-datatype-jdk8-2.9.7.jar;C:\Users\z027544\.m2\com\fasterxml\jackson\datatype\jackson-datatype-jsr310\2.9.7\jackson-datatype-jsr310-2.9.7.jar;C:\Users\z027544\.m2\com\fasterxml\jackson\module\jackson-module-parameter-names\2.9.7\jackson-module-parameter-names-2.9.7.jar;C:\Users\z027544\.m2\org\springframework\boot\spring-boot-starter-tomcat\2.1.1.RELEASE\spring-boot-starter-tomcat-2.1.1.RELEASE.jar;C:\Users\z027544\.m2\org\apache\tomcat\embed\tomcat-embed-core\9.0.13\tomcat-embed-core-9.0.13.jar;C:\Users\z027544\.m2\org\apache\tomcat\embed\tomcat-embed-el\9.0.13\tomcat-embed-el-9.0.13.jar;C:\Users\z027544\.m2\org\apache\tomcat\embed\tomcat-embed-websocket\9.0.13\tomcat-embed-websocket-9.0.13.jar;C:\Users\z027544\.m2\org\hibernate\validator\hibernate-validator\6.0.13.Final\hibernate-validator-6.0.13.Final.jar;C:\Users\z027544\.m2\javax\validation\validation-api\2.0.1.Final\validation-api-2.0.1.Final.jar;C:\Users\z027544\.m2\org\jboss\logging\jboss-logging\3.3.2.Final\jboss-logging-3.3.2.Final.jar;C:\Users\z027544\.m2\com\fasterxml\classmate\1.4.0\classmate-1.4.0.jar;C:\Users\z027544\.m2\org\springframework\spring-web\5.1.3.RELEASE\spring-web-5.1.3.RELEASE.jar;C:\Users\z027544\.m2\org\springframework\spring-beans\5.1.3.RELEASE\spring-beans-5.1.3.RELEASE.jar;C:\Users\z027544\.m2\org\springframework\spring-webmvc\5.1.3.RELEASE\spring-webmvc-5.1.3.RELEASE.jar;C:\Users\z027544\.m2\org\springframework\spring-aop\5.1.3.RELEASE\spring-aop-5.1.3.RELEASE.jar;C:\Users\z027544\.m2\org\springframework\spring-context\5.1.3.RELEASE\spring-context-5.1.3.RELEASE.jar;C:\Users\z027544\.m2\org\springframework\spring-expression\5.1.3.RELEASE\spring-expression-5.1.3.RELEASE.jar;C:\Users\z027544\.m2\org\springframework\boot\spring-boot-starter-test\2.1.1.RELEASE\spring-boot-starter-test-2.1.1.RELEASE.jar;C:\Users\z027544\.m2\org\springframework\boot\spring-boot-test\2.1.1.RELEASE\spring-boot-test-2.1.1.RELEASE.jar;C:\Users\z027544\.m2\org\springframework\boot\spring-boot-test-autoconfigure\2.1.1.RELEASE\spring-boot-test-autoconfigure-2.1.1.RELEASE.jar;C:\Users\z027544\.m2\com\jayway\jsonpath\json-path\2.4.0\json-path-2.4.0.jar;C:\Users\z027544\.m2\net\minidev\json-smart\2.3\json-smart-2.3.jar;C:\Users\z027544\.m2\net\minidev\accessors-smart\1.2\accessors-smart-1.2.jar;C:\Users\z027544\.m2\org\ow2\asm\asm\5.0.4\asm-5.0.4.jar;C:\Users\z027544\.m2\org\assertj\assertj-core\3.11.1\assertj-core-3.11.1.jar;C:\Users\z027544\.m2\org\mockito\mockito-core\2.23.4\mockito-core-2.23.4.jar;C:\Users\z027544\.m2\net\bytebuddy\byte-buddy\1.9.5\byte-buddy-1.9.5.jar;C:\Users\z027544\.m2\net\bytebuddy\byte-buddy-agent\1.9.5\byte-buddy-agent-1.9.5.jar;C:\Users\z027544\.m2\org\objenesis\objenesis\2.6\objenesis-2.6.jar;C:\Users\z027544\.m2\org\hamcrest\hamcrest-core\1.3\hamcrest-core-1.3.jar;C:\Users\z027544\.m2\org\hamcrest\hamcrest-library\1.3\hamcrest-library-1.3.jar;C:\Users\z027544\.m2\org\skyscreamer\jsonassert\1.5.0\jsonassert-1.5.0.jar;C:\Users\z027544\.m2\com\vaadin\external\google\android-json\0.0.20131108.vaadin1\android-json-0.0.20131108.vaadin1.jar;C:\Users\z027544\.m2\org\springframework\spring-core\5.1.3.RELEASE\spring-core-5.1.3.RELEASE.jar;C:\Users\z027544\.m2\org\springframework\spring-jcl\5.1.3.RELEASE\spring-jcl-5.1.3.RELEASE.jar;C:\Users\z027544\.m2\org\springframework\spring-test\5.1.3.RELEASE\spring-test-5.1.3.RELEASE.jar;C:\Users\z027544\.m2\org\xmlunit\xmlunit-core\2.6.2\xmlunit-core-2.6.2.jar;C:\Users\z027544\.m2\org\springframework\boot\spring-boot-starter-actuator\2.1.1.RELEASE\spring-boot-starter-actuator-2.1.1.RELEASE.jar;C:\Users\z027544\.m2\org\springframework\boot\spring-boot-actuator-autoconfigure\2.1.1.RELEASE\spring-boot-actuator-autoconfigure-2.1.1.RELEASE.jar;C:\Users\z027544\.m2\org\springframework\boot\spring-boot-actuator\2.1.1.RELEASE\spring-boot-actuator-2.1.1.RELEASE.jar;C:\Users\z027544\.m2\io\micrometer\micrometer-core\1.1.1\micrometer-core-1.1.1.jar;C:\Users\z027544\.m2\org\hdrhistogram\HdrHistogram\2.1.9\HdrHistogram-2.1.9.jar;C:\Users\z027544\.m2\org\latencyutils\LatencyUtils\2.0.3\LatencyUtils-2.0.3.jar;C:\Users\z027544\.m2\org\postgresql\postgresql\42.2.5\postgresql-42.2.5.jar;C:\Users\z027544\.m2\org\springframework\boot\spring-boot-starter-data-jpa\2.1.1.RELEASE\spring-boot-starter-data-jpa-2.1.1.RELEASE.jar;C:\Users\z027544\.m2\org\springframework\boot\spring-boot-starter-aop\2.1.1.RELEASE\spring-boot-starter-aop-2.1.1.RELEASE.jar;C:\Users\z027544\.m2\org\aspectj\aspectjweaver\1.9.2\aspectjweaver-1.9.2.jar;C:\Users\z027544\.m2\org\springframework\boot\spring-boot-starter-jdbc\2.1.1.RELEASE\spring-boot-starter-jdbc-2.1.1.RELEASE.jar;C:\Users\z027544\.m2\com\zaxxer\HikariCP\3.2.0\HikariCP-3.2.0.jar;C:\Users\z027544\.m2\org\springframework\spring-jdbc\5.1.3.RELEASE\spring-jdbc-5.1.3.RELEASE.jar;C:\Users\z027544\.m2\javax\transaction\javax.transaction-api\1.3\javax.transaction-api-1.3.jar;C:\Users\z027544\.m2\javax\xml\bind\jaxb-api\2.3.1\jaxb-api-2.3.1.jar;C:\Users\z027544\.m2\javax\activation\javax.activation-api\1.2.0\javax.activation-api-1.2.0.jar;C:\Users\z027544\.m2\org\hibernate\hibernate-core\5.3.7.Final\hibernate-core-5.3.7.Final.jar;C:\Users\z027544\.m2\javax\persistence\javax.persistence-api\2.2\javax.persistence-api-2.2.jar;C:\Users\z027544\.m2\org\javassist\javassist\3.23.1-GA\javassist-3.23.1-GA.jar;C:\Users\z027544\.m2\antlr\antlr\2.7.7\antlr-2.7.7.jar;C:\Users\z027544\.m2\org\jboss\jandex\2.0.5.Final\jandex-2.0.5.Final.jar;C:\Users\z027544\.m2\org\dom4j\dom4j\2.1.1\dom4j-2.1.1.jar;C:\Users\z027544\.m2\org\hibernate\common\hibernate-commons-annotations\5.0.4.Final\hibernate-commons-annotations-5.0.4.Final.jar;C:\Users\z027544\.m2\org\springframework\data\spring-data-jpa\2.1.3.RELEASE\spring-data-jpa-2.1.3.RELEASE.jar;C:\Users\z027544\.m2\org\springframework\data\spring-data-commons\2.1.3.RELEASE\spring-data-commons-2.1.3.RELEASE.jar;C:\Users\z027544\.m2\org\springframework\spring-orm\5.1.3.RELEASE\spring-orm-5.1.3.RELEASE.jar;C:\Users\z027544\.m2\org\springframework\spring-tx\5.1.3.RELEASE\spring-tx-5.1.3.RELEASE.jar;C:\Users\z027544\.m2\org\springframework\spring-aspects\5.1.3.RELEASE\spring-aspects-5.1.3.RELEASE.jar;C:\Users\z027544\.m2\junit\junit\4.12\junit-4.12.jar;C:\Users\z027544\.m2\org\liquibase\liquibase-core\3.6.2\liquibase-core-3.6.2.jar;C:\Users\z027544\.m2\org\yaml\snakeyaml\1.23\snakeyaml-1.23.jar;C:\Users\z027544\.m2\org\slf4j\slf4j-api\1.7.25\slf4j-api-1.7.25.jar;C:\Users\z027544\.m2\ch\qos\logback\logback-classic\1.2.3\logback-classic-1.2.3.jar;C:\Users\z027544\.m2\ch\qos\logback\logback-core\1.2.3\logback-core-1.2.3.jar;"/>
    <property name="java.vm.vendor" value="Oracle Corporation"/>
    <property name="sun.arch.data.model" value="64"/>
    <property name="user.variant" value=""/>
    <property name="java.vendor.url" value="http://java.oracle.com/"/>
    <property name="user.timezone" value="Asia/Calcutta"/>
    <property name="java.vm.specification.version" value="1.8"/>
    <property name="os.name" value="Windows 10"/>
    <property name="user.country" value="IN"/>
    <property name="sun.java.launcher" value="SUN_STANDARD"/>
    <property name="sun.boot.library.path" value="C:\Program Files\Java\jre1.8.0_101\bin"/>
    <property name="sun.java.command" value="C:\Users\Z027544\AppData\Local\Temp\surefire3463206227593053785\surefirebooter3399699857600041824.jar C:\Users\Z027544\AppData\Local\Temp\surefire3463206227593053785 2019-07-11T17-28-06_181-jvmRun1 surefire443608073435439775tmp surefire_08328623179493595211tmp"/>
    <property name="surefire.test.class.path" value="C:\Users\Z027544\OneDrive - Alliance\Documents\workspace-sts-3.9.5.RELEASE\springbootcrudapp\target\test-classes;C:\Users\Z027544\OneDrive - Alliance\Documents\workspace-sts-3.9.5.RELEASE\springbootcrudapp\target\classes;C:\Users\z027544\.m2\org\springframework\boot\spring-boot-starter-web\2.1.1.RELEASE\spring-boot-starter-web-2.1.1.RELEASE.jar;C:\Users\z027544\.m2\org\springframework\boot\spring-boot-starter\2.1.1.RELEASE\spring-boot-starter-2.1.1.RELEASE.jar;C:\Users\z027544\.m2\org\springframework\boot\spring-boot\2.1.1.RELEASE\spring-boot-2.1.1.RELEASE.jar;C:\Users\z027544\.m2\org\springframework\boot\spring-boot-autoconfigure\2.1.1.RELEASE\spring-boot-autoconfigure-2.1.1.RELEASE.jar;C:\Users\z027544\.m2\org\springframework\boot\spring-boot-starter-logging\2.1.1.RELEASE\spring-boot-starter-logging-2.1.1.RELEASE.jar;C:\Users\z027544\.m2\org\apache\logging\log4j\log4j-to-slf4j\2.11.1\log4j-to-slf4j-2.11.1.jar;C:\Users\z027544\.m2\org\apache\logging\log4j\log4j-api\2.11.1\log4j-api-2.11.1.jar;C:\Users\z027544\.m2\org\slf4j\jul-to-slf4j\1.7.25\jul-to-slf4j-1.7.25.jar;C:\Users\z027544\.m2\javax\annotation\javax.annotation-api\1.3.2\javax.annotation-api-1.3.2.jar;C:\Users\z027544\.m2\org\springframework\boot\spring-boot-starter-json\2.1.1.RELEASE\spring-boot-starter-json-2.1.1.RELEASE.jar;C:\Users\z027544\.m2\com\fasterxml\jackson\core\jackson-databind\2.9.7\jackson-databind-2.9.7.jar;C:\Users\z027544\.m2\com\fasterxml\jackson\core\jackson-annotations\2.9.0\jackson-annotations-2.9.0.jar;C:\Users\z027544\.m2\com\fasterxml\jackson\core\jackson-core\2.9.7\jackson-core-2.9.7.jar;C:\Users\z027544\.m2\com\fasterxml\jackson\datatype\jackson-datatype-jdk8\2.9.7\jackson-datatype-jdk8-2.9.7.jar;C:\Users\z027544\.m2\com\fasterxml\jackson\datatype\jackson-datatype-jsr310\2.9.7\jackson-datatype-jsr310-2.9.7.jar;C:\Users\z027544\.m2\com\fasterxml\jackson\module\jackson-module-parameter-names\2.9.7\jackson-module-parameter-names-2.9.7.jar;C:\Users\z027544\.m2\org\springframework\boot\spring-boot-starter-tomcat\2.1.1.RELEASE\spring-boot-starter-tomcat-2.1.1.RELEASE.jar;C:\Users\z027544\.m2\org\apache\tomcat\embed\tomcat-embed-core\9.0.13\tomcat-embed-core-9.0.13.jar;C:\Users\z027544\.m2\org\apache\tomcat\embed\tomcat-embed-el\9.0.13\tomcat-embed-el-9.0.13.jar;C:\Users\z027544\.m2\org\apache\tomcat\embed\tomcat-embed-websocket\9.0.13\tomcat-embed-websocket-9.0.13.jar;C:\Users\z027544\.m2\org\hibernate\validator\hibernate-validator\6.0.13.Final\hibernate-validator-6.0.13.Final.jar;C:\Users\z027544\.m2\javax\validation\validation-api\2.0.1.Final\validation-api-2.0.1.Final.jar;C:\Users\z027544\.m2\org\jboss\logging\jboss-logging\3.3.2.Final\jboss-logging-3.3.2.Final.jar;C:\Users\z027544\.m2\com\fasterxml\classmate\1.4.0\classmate-1.4.0.jar;C:\Users\z027544\.m2\org\springframework\spring-web\5.1.3.RELEASE\spring-web-5.1.3.RELEASE.jar;C:\Users\z027544\.m2\org\springframework\spring-beans\5.1.3.RELEASE\spring-beans-5.1.3.RELEASE.jar;C:\Users\z027544\.m2\org\springframework\spring-webmvc\5.1.3.RELEASE\spring-webmvc-5.1.3.RELEASE.jar;C:\Users\z027544\.m2\org\springframework\spring-aop\5.1.3.RELEASE\spring-aop-5.1.3.RELEASE.jar;C:\Users\z027544\.m2\org\springframework\spring-context\5.1.3.RELEASE\spring-context-5.1.3.RELEASE.jar;C:\Users\z027544\.m2\org\springframework\spring-expression\5.1.3.RELEASE\spring-expression-5.1.3.RELEASE.jar;C:\Users\z027544\.m2\org\springframework\boot\spring-boot-starter-test\2.1.1.RELEASE\spring-boot-starter-test-2.1.1.RELEASE.jar;C:\Users\z027544\.m2\org\springframework\boot\spring-boot-test\2.1.1.RELEASE\spring-boot-test-2.1.1.RELEASE.jar;C:\Users\z027544\.m2\org\springframework\boot\spring-boot-test-autoconfigure\2.1.1.RELEASE\spring-boot-test-autoconfigure-2.1.1.RELEASE.jar;C:\Users\z027544\.m2\com\jayway\jsonpath\json-path\2.4.0\json-path-2.4.0.jar;C:\Users\z027544\.m2\net\minidev\json-smart\2.3\json-smart-2.3.jar;C:\Users\z027544\.m2\net\minidev\accessors-smart\1.2\accessors-smart-1.2.jar;C:\Users\z027544\.m2\org\ow2\asm\asm\5.0.4\asm-5.0.4.jar;C:\Users\z027544\.m2\org\assertj\assertj-core\3.11.1\assertj-core-3.11.1.jar;C:\Users\z027544\.m2\org\mockito\mockito-core\2.23.4\mockito-core-2.23.4.jar;C:\Users\z027544\.m2\net\bytebuddy\byte-buddy\1.9.5\byte-buddy-1.9.5.jar;C:\Users\z027544\.m2\net\bytebuddy\byte-buddy-agent\1.9.5\byte-buddy-agent-1.9.5.jar;C:\Users\z027544\.m2\org\objenesis\objenesis\2.6\objenesis-2.6.jar;C:\Users\z027544\.m2\org\hamcrest\hamcrest-core\1.3\hamcrest-core-1.3.jar;C:\Users\z027544\.m2\org\hamcrest\hamcrest-library\1.3\hamcrest-library-1.3.jar;C:\Users\z027544\.m2\org\skyscreamer\jsonassert\1.5.0\jsonassert-1.5.0.jar;C:\Users\z027544\.m2\com\vaadin\external\google\android-json\0.0.20131108.vaadin1\android-json-0.0.20131108.vaadin1.jar;C:\Users\z027544\.m2\org\springframework\spring-core\5.1.3.RELEASE\spring-core-5.1.3.RELEASE.jar;C:\Users\z027544\.m2\org\springframework\spring-jcl\5.1.3.RELEASE\spring-jcl-5.1.3.RELEASE.jar;C:\Users\z027544\.m2\org\springframework\spring-test\5.1.3.RELEASE\spring-test-5.1.3.RELEASE.jar;C:\Users\z027544\.m2\org\xmlunit\xmlunit-core\2.6.2\xmlunit-core-2.6.2.jar;C:\Users\z027544\.m2\org\springframework\boot\spring-boot-starter-actuator\2.1.1.RELEASE\spring-boot-starter-actuator-2.1.1.RELEASE.jar;C:\Users\z027544\.m2\org\springframework\boot\spring-boot-actuator-autoconfigure\2.1.1.RELEASE\spring-boot-actuator-autoconfigure-2.1.1.RELEASE.jar;C:\Users\z027544\.m2\org\springframework\boot\spring-boot-actuator\2.1.1.RELEASE\spring-boot-actuator-2.1.1.RELEASE.jar;C:\Users\z027544\.m2\io\micrometer\micrometer-core\1.1.1\micrometer-core-1.1.1.jar;C:\Users\z027544\.m2\org\hdrhistogram\HdrHistogram\2.1.9\HdrHistogram-2.1.9.jar;C:\Users\z027544\.m2\org\latencyutils\LatencyUtils\2.0.3\LatencyUtils-2.0.3.jar;C:\Users\z027544\.m2\org\postgresql\postgresql\42.2.5\postgresql-42.2.5.jar;C:\Users\z027544\.m2\org\springframework\boot\spring-boot-starter-data-jpa\2.1.1.RELEASE\spring-boot-starter-data-jpa-2.1.1.RELEASE.jar;C:\Users\z027544\.m2\org\springframework\boot\spring-boot-starter-aop\2.1.1.RELEASE\spring-boot-starter-aop-2.1.1.RELEASE.jar;C:\Users\z027544\.m2\org\aspectj\aspectjweaver\1.9.2\aspectjweaver-1.9.2.jar;C:\Users\z027544\.m2\org\springframework\boot\spring-boot-starter-jdbc\2.1.1.RELEASE\spring-boot-starter-jdbc-2.1.1.RELEASE.jar;C:\Users\z027544\.m2\com\zaxxer\HikariCP\3.2.0\HikariCP-3.2.0.jar;C:\Users\z027544\.m2\org\springframework\spring-jdbc\5.1.3.RELEASE\spring-jdbc-5.1.3.RELEASE.jar;C:\Users\z027544\.m2\javax\transaction\javax.transaction-api\1.3\javax.transaction-api-1.3.jar;C:\Users\z027544\.m2\javax\xml\bind\jaxb-api\2.3.1\jaxb-api-2.3.1.jar;C:\Users\z027544\.m2\javax\activation\javax.activation-api\1.2.0\javax.activation-api-1.2.0.jar;C:\Users\z027544\.m2\org\hibernate\hibernate-core\5.3.7.Final\hibernate-core-5.3.7.Final.jar;C:\Users\z027544\.m2\javax\persistence\javax.persistence-api\2.2\javax.persistence-api-2.2.jar;C:\Users\z027544\.m2\org\javassist\javassist\3.23.1-GA\javassist-3.23.1-GA.jar;C:\Users\z027544\.m2\antlr\antlr\2.7.7\antlr-2.7.7.jar;C:\Users\z027544\.m2\org\jboss\jandex\2.0.5.Final\jandex-2.0.5.Final.jar;C:\Users\z027544\.m2\org\dom4j\dom4j\2.1.1\dom4j-2.1.1.jar;C:\Users\z027544\.m2\org\hibernate\common\hibernate-commons-annotations\5.0.4.Final\hibernate-commons-annotations-5.0.4.Final.jar;C:\Users\z027544\.m2\org\springframework\data\spring-data-jpa\2.1.3.RELEASE\spring-data-jpa-2.1.3.RELEASE.jar;C:\Users\z027544\.m2\org\springframework\data\spring-data-commons\2.1.3.RELEASE\spring-data-commons-2.1.3.RELEASE.jar;C:\Users\z027544\.m2\org\springframework\spring-orm\5.1.3.RELEASE\spring-orm-5.1.3.RELEASE.jar;C:\Users\z027544\.m2\org\springframework\spring-tx\5.1.3.RELEASE\spring-tx-5.1.3.RELEASE.jar;C:\Users\z027544\.m2\org\springframework\spring-aspects\5.1.3.RELEASE\spring-aspects-5.1.3.RELEASE.jar;C:\Users\z027544\.m2\junit\junit\4.12\junit-4.12.jar;C:\Users\z027544\.m2\org\liquibase\liquibase-core\3.6.2\liquibase-core-3.6.2.jar;C:\Users\z027544\.m2\org\yaml\snakeyaml\1.23\snakeyaml-1.23.jar;C:\Users\z027544\.m2\org\slf4j\slf4j-api\1.7.25\slf4j-api-1.7.25.jar;C:\Users\z027544\.m2\ch\qos\logback\logback-classic\1.2.3\logback-classic-1.2.3.jar;C:\Users\z027544\.m2\ch\qos\logback\logback-core\1.2.3\logback-core-1.2.3.jar;"/>
    <property name="sun.cpu.endian" value="little"/>
    <property name="user.home" value="C:\Users\Z027544"/>
    <property name="user.language" value="en"/>
    <property name="java.specification.vendor" value="Oracle Corporation"/>
    <property name="java.home" value="C:\Program Files\Java\jre1.8.0_101"/>
    <property name="basedir" value="C:\Users\Z027544\OneDrive - Alliance\Documents\workspace-sts-3.9.5.RELEASE\springbootcrudapp"/>
    <property name="file.separator" value="\"/>
    <property name="line.separator" value="&#10;"/>
    <property name="java.vm.specification.vendor" value="Oracle Corporation"/>
    <property name="java.specification.name" value="Java Platform API Specification"/>
    <property name="java.awt.graphicsenv" value="sun.awt.Win32GraphicsEnvironment"/>
    <property name="surefire.real.class.path" value="C:\Users\Z027544\AppData\Local\Temp\surefire3463206227593053785\surefirebooter3399699857600041824.jar"/>
    <property name="sun.boot.class.path" value="C:\Program Files\Java\jre1.8.0_101\lib\resources.jar;C:\Program Files\Java\jre1.8.0_101\lib\rt.jar;C:\Program Files\Java\jre1.8.0_101\lib\sunrsasign.jar;C:\Program Files\Java\jre1.8.0_101\lib\jsse.jar;C:\Program Files\Java\jre1.8.0_101\lib\jce.jar;C:\Program Files\Java\jre1.8.0_101\lib\charsets.jar;C:\Program Files\Java\jre1.8.0_101\lib\jfr.jar;C:\Program Files\Java\jre1.8.0_101\classes"/>
    <property name="user.script" value=""/>
    <property name="sun.management.compiler" value="HotSpot 64-Bit Tiered Compilers"/>
    <property name="java.runtime.version" value="1.8.0_101-b13"/>
    <property name="user.name" value="z027544"/>
    <property name="path.separator" value=";"/>
    <property name="os.version" value="10.0"/>
    <property name="java.endorsed.dirs" value="C:\Program Files\Java\jre1.8.0_101\lib\endorsed"/>
    <property name="java.runtime.name" value="Java(TM) SE Runtime Environment"/>
    <property name="file.encoding" value="Cp1252"/>
    <property name="java.vm.name" value="Java HotSpot(TM) 64-Bit Server VM"/>
    <property name="localRepository" value="C:\Users\z027544\.m2"/>
    <property name="java.vendor.url.bug" value="http://bugreport.sun.com/bugreport/"/>
    <property name="java.io.tmpdir" value="C:\Users\Z027544\AppData\Local\Temp\"/>
    <property name="java.version" value="1.8.0_101"/>
    <property name="user.dir" value="C:\Users\Z027544\OneDrive - Alliance\Documents\workspace-sts-3.9.5.RELEASE\springbootcrudapp"/>
    <property name="os.arch" value="amd64"/>
    <property name="java.vm.specification.name" value="Java Virtual Machine Specification"/>
    <property name="java.awt.printerjob" value="sun.awt.windows.WPrinterJob"/>
    <property name="sun.os.patch.level" value=""/>
    <property name="java.library.path" value="C:\Program Files\Java\jre1.8.0_101\bin;C:\Windows\Sun\Java\bin;C:\Windows\system32;C:\Windows;C:/Program Files/Java/jre1.8.0_101/bin/server;C:/Program Files/Java/jre1.8.0_101/bin;C:/Program Files/Java/jre1.8.0_101/lib/amd64;C:\ProgramData\Oracle\Java\javapath;C:\Windows\system32;C:\Windows;C:\Windows\System32\Wbem;C:\Windows\System32\WindowsPowerShell\v1.0\;C:\Windows\System32\OpenSSH\;C:\Program Files\SafeNet\Authentication\SAC\x64;C:\Program Files\SafeNet\Authentication\SAC\x32;C:\Program Files\nodejs\;C:\apache-maven-3.6.1\bin;C:\Users\Z027544\AppData\Local\Microsoft\WindowsApps;C:\Users\Z027544\AppData\Roaming\npm;C:\Users\Z027544\AppData\Local\Programs\Microsoft VS Code\bin;C:\softwares\spring-tool-suite-3.9.5.RELEASE-e4.8.0-win32-x86_64\sts-bundle\sts-3.9.5.RELEASE;;."/>
    <property name="java.vm.info" value="mixed mode"/>
    <property name="java.vendor" value="Oracle Corporation"/>
    <property name="java.vm.version" value="25.101-b13"/>
    <property name="java.ext.dirs" value="C:\Program Files\Java\jre1.8.0_101\lib\ext;C:\Windows\Sun\Java\lib\ext"/>
    <property name="sun.io.unicode.encoding" value="UnicodeLittle"/>
    <property name="java.class.version" value="52.0"/>
  </properties>
  <testcase name="testApp" classname="com.renault.mycrudapp.springbootcrudapp.AppTest" time="0.007"/>
</testsuite>